<?xml version="1.0" encoding="UTF-8"?>
<!-- Generated by org.testng.reporters.JUnitXMLReporter -->
<testsuite ignored="6" hostname="Sudhish-Thulaseedharan" failures="1" tests="4" name="Test" time="1.46" errors="0" timestamp="2024-09-14T19:04:54 IST">
  <testcase classname="automationcore.Base_Class" name="@AfterMethod closeBrowser" time="0.002">
    <failure type="java.lang.NullPointerException" message="Cannot invoke &amp;quot;org.openqa.selenium.TakesScreenshot.getScreenshotAs(org.openqa.selenium.OutputType)&amp;quot; because &amp;quot;takescreenshot&amp;quot; is null">
      <![CDATA[java.lang.NullPointerException: Cannot invoke "org.openqa.selenium.TakesScreenshot.getScreenshotAs(org.openqa.selenium.OutputType)" because "takescreenshot" is null
at automationcore.Base_Class.takeScreenshot(Base_Class.java:84)
at automationcore.Base_Class.closeBrowser(Base_Class.java:77)
at java.base/java.util.ArrayList.forEach(ArrayList.java:1597)
... Removed 30 stack frames]]>
    </failure>
  </testcase> <!-- @AfterMethod closeBrowser -->
  <testcase classname="testscript.Login_Page_Test" name="verify_Loginwith_Valid_Credentials" time="0.974">
    <skipped/>
  </testcase> <!-- verify_Loginwith_Valid_Credentials -->
  <testcase classname="testscript.Login_Page_Test" name="verify_Loginwith_Valid_Credentials" time="0.13">
    <skipped/>
  </testcase> <!-- verify_Loginwith_Valid_Credentials -->
  <testcase classname="testscript.Login_Page_Test" name="verify_Loginwith_Valid_Credentials" time="0.114">
    <skipped/>
  </testcase> <!-- verify_Loginwith_Valid_Credentials -->
  <testcase classname="testscript.Login_Page_Test" name="verify_Loginwith_Valid_Credentials" time="0.111">
    <failure type="java.lang.NullPointerException" message="Cannot invoke &amp;quot;org.openqa.selenium.SearchContext.findElement(org.openqa.selenium.By)&amp;quot; because &amp;quot;this.searchContext&amp;quot; is null">
      <![CDATA[java.lang.NullPointerException: Cannot invoke "org.openqa.selenium.SearchContext.findElement(org.openqa.selenium.By)" because "this.searchContext" is null
at org.openqa.selenium.support.pagefactory.DefaultElementLocator.findElement(DefaultElementLocator.java:68)
at org.openqa.selenium.support.pagefactory.internal.LocatingElementHandler.invoke(LocatingElementHandler.java:38)
at jdk.proxy2/jdk.proxy2.$Proxy11.sendKeys(Unknown Source)
at pageobject.LoginPage.enter_Username(LoginPage.java:33)
at testscript.Login_Page_Test.verify_Loginwith_Valid_Credentials(Login_Page_Test.java:28)
at java.base/java.util.ArrayList.forEach(ArrayList.java:1597)
... Removed 25 stack frames]]>
    </failure>
  </testcase> <!-- verify_Loginwith_Valid_Credentials -->
  <testcase classname="testscript.Reset_Page_Test" name="verify_Password_Resetwith_Valid_Emailaddress" time="0.0">
    <ignored/>
  </testcase> <!-- verify_Password_Resetwith_Valid_Emailaddress -->
  <testcase classname="testscript.Home_Page_Test" name="verify_User_Login_Date" time="0.0">
    <ignored/>
  </testcase> <!-- verify_User_Login_Date -->
  <testcase classname="testscript.Login_Page_Test" name="verify_Errormessage_While_Loginwith_Invalid_Credentials" time="0.0">
    <ignored/>
  </testcase> <!-- verify_Errormessage_While_Loginwith_Invalid_Credentials -->
  <testcase classname="testscript.Reset_Page_Test" name="verify_Errormessage_With_Invalid_Emailaddress" time="0.0">
    <ignored/>
  </testcase> <!-- verify_Errormessage_With_Invalid_Emailaddress -->
  <testcase classname="testscript.Add_User_Page_Test" name="verify_User_Loginwith_Newly_Added_User" time="0.0">
    <ignored/>
  </testcase> <!-- verify_User_Loginwith_Newly_Added_User -->
  <testcase classname="testscript.Add_User_Page_Test" name="verify_Add_User" time="0.0">
    <ignored/>
  </testcase> <!-- verify_Add_User -->
</testsuite> <!-- Test -->
